<?xml version="1.0" encoding="UTF-8"?>
<!-- Generated by org.testng.reporters.JUnitReportReporter -->
<testsuite hostname="K473LTRV" failures="0" tests="1" name="testcase.CommentsApiTest" time="5.751" errors="0" timestamp="2024-06-05T23:27:27 IST" skipped="0">
  <testcase classname="testcase.CommentsApiTest" name="deleteComment" time="5.751"/>
</testsuite> <!-- testcase.CommentsApiTest -->
